f:\personal data\bs (software eng.)\3rd semester\c++ programs\avl tree (share)\avl tree (share)\debug\avl tree (share).pch
f:\personal data\bs (software eng.)\3rd semester\c++ programs\avl tree (share)\avl tree (share)\debug\vc120.pdb
f:\personal data\bs (software eng.)\3rd semester\c++ programs\avl tree (share)\avl tree (share)\debug\vc120.idb
f:\personal data\bs (software eng.)\3rd semester\c++ programs\avl tree (share)\avl tree (share)\debug\stdafx.obj
f:\personal data\bs (software eng.)\3rd semester\c++ programs\avl tree (share)\avl tree (share)\debug\avl tree (share).obj
f:\personal data\bs (software eng.)\3rd semester\c++ programs\avl tree (share)\debug\avl tree (share).ilk
f:\personal data\bs (software eng.)\3rd semester\c++ programs\avl tree (share)\debug\avl tree (share).exe
f:\personal data\bs (software eng.)\3rd semester\c++ programs\avl tree (share)\debug\avl tree (share).pdb
g:\projects\c++\avl tree (share)\avl tree (share)\debug\avl tree (share).obj
g:\projects\c++\avl tree (share)\avl tree (share)\debug\stdafx.obj
g:\projects\c++\avl tree (share)\avl tree (share)\debug\avl tree (share).pch
g:\projects\c++\avl tree (share)\avl tree (share)\debug\vc120.idb
g:\projects\c++\avl tree (share)\avl tree (share)\debug\vc120.pdb
g:\projects\c++\avl tree (share)\debug\avl tree (share).pdb
g:\projects\c++\avl tree (share)\debug\avl tree (share).exe
g:\projects\c++\avl tree (share)\debug\avl tree (share).ilk
g:\projects\c++\avl tree (share)\avl tree (share)\debug\avl tree (share).tlog\cl.command.1.tlog
g:\projects\c++\avl tree (share)\avl tree (share)\debug\avl tree (share).tlog\cl.read.1.tlog
g:\projects\c++\avl tree (share)\avl tree (share)\debug\avl tree (share).tlog\cl.write.1.tlog
g:\projects\c++\avl tree (share)\avl tree (share)\debug\avl tree (share).tlog\link.command.1.tlog
g:\projects\c++\avl tree (share)\avl tree (share)\debug\avl tree (share).tlog\link.read.1.tlog
g:\projects\c++\avl tree (share)\avl tree (share)\debug\avl tree (share).tlog\link.write.1.tlog
